\BOOKMARK [-1][-]{chapter*.1}{\376\377\173\054\116\000\177\026\000\040\000\040\140\073\122\031}{}% 1
\BOOKMARK [0][-]{part*.3}{\376\377\173\054\116\000\172\340\000\040\000\040\127\372\147\054\211\304\133\232}{chapter*.1}% 2
\BOOKMARK [1][-]{section*.4}{\376\377\173\054\116\214\172\340\000\040\000\040\201\352\161\066\116\272}{part*.3}% 3
\BOOKMARK [2][-]{section*.5}{\376\377\173\054\116\000\202\202\000\040\000\040\154\021\116\213\147\103\122\051\200\375\122\233\124\214\154\021\116\213\210\114\116\072\200\375\122\233}{section*.4}% 4
\BOOKMARK [2][-]{subsection*.6}{\376\377\173\054\116\214\202\202\000\040\000\040\166\321\142\244}{section*.4}% 5
\BOOKMARK [2][-]{subsection*.7}{\376\377\173\054\116\011\202\202\000\040\000\040\133\243\124\112\131\061\216\052\124\214\133\243\124\112\153\173\116\241}{section*.4}% 6
\BOOKMARK [2][-]{subsection*.8}{\376\377\173\054\126\333\202\202\000\040\000\040\116\052\117\123\135\345\125\106\142\067\124\214\121\234\147\121\142\177\123\005\176\317\204\045\142\067}{section*.4}% 7
\BOOKMARK [1][-]{subsection*.9}{\376\377\173\054\116\011\172\340\000\040\000\040\154\325\116\272}{part*.3}% 8
\BOOKMARK [2][-]{section*.10}{\376\377\173\054\116\000\202\202\000\040\000\040\116\000\202\054\211\304\133\232}{subsection*.9}% 9
\BOOKMARK [2][-]{subsection*.11}{\376\377\173\054\116\214\202\202\000\040\000\040\204\045\122\051\154\325\116\272}{subsection*.9}% 10
\BOOKMARK [2][-]{subsection*.12}{\376\377\173\054\116\011\202\202\000\040\000\040\227\136\204\045\122\051\154\325\116\272}{subsection*.9}% 11
\BOOKMARK [2][-]{subsection*.13}{\376\377\173\054\126\333\202\202\000\040\000\040\162\171\122\053\154\325\116\272}{subsection*.9}% 12
\BOOKMARK [1][-]{subsection*.14}{\376\377\173\054\126\333\172\340\000\040\000\040\227\136\154\325\116\272\176\304\176\307}{part*.3}% 13
\BOOKMARK [1][-]{section*.15}{\376\377\173\054\116\224\172\340\000\040\000\040\154\021\116\213\147\103\122\051}{part*.3}% 14
\BOOKMARK [1][-]{section*.16}{\376\377\173\054\121\155\172\340\000\040\000\040\154\021\116\213\154\325\137\213\210\114\116\072}{part*.3}% 15
\BOOKMARK [2][-]{section*.17}{\376\377\173\054\116\000\202\202\000\040\000\040\116\000\202\054\211\304\133\232}{section*.16}% 16
\BOOKMARK [2][-]{subsection*.18}{\376\377\173\054\116\214\202\202\000\040\000\040\141\017\140\035\210\150\171\072}{section*.16}% 17
\BOOKMARK [2][-]{subsection*.19}{\376\377\173\054\116\011\202\202\000\040\000\040\154\021\116\213\154\325\137\213\210\114\116\072\166\204\145\110\122\233}{section*.16}% 18
\BOOKMARK [2][-]{subsection*.20}{\376\377\173\054\126\333\202\202\000\040\000\040\154\021\116\213\154\325\137\213\210\114\116\072\166\204\226\104\147\141\116\366\124\214\226\104\147\037\226\120}{section*.16}% 19
\BOOKMARK [1][-]{subsection*.21}{\376\377\173\054\116\003\172\340\000\040\000\040\116\343\164\006}{part*.3}% 20
\BOOKMARK [2][-]{section*.22}{\376\377\173\054\116\000\202\202\000\040\000\040\116\000\202\054\211\304\133\232}{subsection*.21}% 21
\BOOKMARK [2][-]{subsection*.23}{\376\377\173\054\116\214\202\202\000\040\000\040\131\324\142\130\116\343\164\006}{subsection*.21}% 22
\BOOKMARK [2][-]{subsection*.24}{\376\377\173\054\116\011\202\202\000\040\000\040\116\343\164\006\176\310\153\142}{subsection*.21}% 23
\BOOKMARK [1][-]{subsection*.25}{\376\377\173\054\121\153\172\340\000\040\000\040\154\021\116\213\215\043\116\373}{part*.3}% 24
\BOOKMARK [1][-]{section*.26}{\376\377\173\054\116\135\172\340\000\040\000\040\213\311\213\274\145\366\145\110}{part*.3}% 25
\BOOKMARK [1][-]{section*.27}{\376\377\173\054\123\101\172\340\000\040\000\040\147\037\225\364\213\241\173\227}{part*.3}% 26
\BOOKMARK [-1][-]{section*.28}{\376\377\173\054\116\214\177\026\000\040\000\040\162\151\147\103}{}% 27
\BOOKMARK [0][-]{part*.30}{\376\377\173\054\116\000\122\006\177\026\000\040\000\040\220\032\122\031}{section*.28}% 28
\BOOKMARK [1][-]{chapter*.31}{\376\377\173\054\116\000\172\340\000\040\000\040\116\000\202\054\211\304\133\232}{part*.30}% 29
\BOOKMARK [1][-]{section*.32}{\376\377\173\054\116\214\172\340\000\040\000\040\162\151\147\103\166\204\213\276\172\313\060\001\123\330\146\364\060\001\217\154\213\251\124\214\155\210\160\155}{part*.30}% 30
\BOOKMARK [2][-]{section*.33}{\376\377\173\054\116\000\202\202\000\040\000\040\116\015\122\250\116\247\166\173\213\260}{section*.32}% 31
\BOOKMARK [2][-]{subsection*.34}{\376\377\173\054\116\214\202\202\000\040\000\040\122\250\116\247\116\244\116\330}{section*.32}% 32
\BOOKMARK [2][-]{subsection*.35}{\376\377\173\054\116\011\202\202\000\040\000\040\121\166\116\326\211\304\133\232}{section*.32}% 33
\BOOKMARK [1][-]{subsection*.36}{\376\377\173\054\116\011\172\340\000\040\000\040\162\151\147\103\166\204\117\335\142\244}{part*.30}% 34
\BOOKMARK [0][-]{section*.37}{\376\377\173\054\116\214\122\006\177\026\000\040\000\040\142\100\147\011\147\103}{section*.28}% 35
\BOOKMARK [1][-]{chapter*.38}{\376\377\173\054\126\333\172\340\000\040\000\040\116\000\202\054\211\304\133\232}{section*.37}% 36
\BOOKMARK [1][-]{section*.39}{\376\377\173\054\116\224\172\340\000\040\000\040\126\375\133\266\142\100\147\011\147\103\124\214\226\306\117\123\142\100\147\011\147\103\060\001\171\301\116\272\142\100\147\011\147\103}{section*.37}% 37
\BOOKMARK [1][-]{section*.40}{\376\377\173\054\121\155\172\340\000\040\000\040\116\032\116\073\166\204\136\372\173\121\162\151\123\072\122\006\142\100\147\011\147\103}{section*.37}% 38
\BOOKMARK [1][-]{section*.41}{\376\377\173\054\116\003\172\340\000\040\000\040\166\370\220\273\121\163\174\373}{section*.37}% 39
\BOOKMARK [1][-]{section*.42}{\376\377\173\054\121\153\172\340\000\040\000\040\121\161\147\011}{section*.37}% 40
\BOOKMARK [1][-]{section*.43}{\376\377\173\054\116\135\172\340\000\040\000\040\142\100\147\011\147\103\123\326\137\227\166\204\162\171\122\053\211\304\133\232}{section*.37}% 41
\BOOKMARK [0][-]{section*.44}{\376\377\173\054\116\011\122\006\177\026\000\040\000\040\165\050\166\312\162\151\147\103}{section*.28}% 42
\BOOKMARK [1][-]{chapter*.45}{\376\377\173\054\123\101\172\340\000\040\000\040\116\000\202\054\211\304\133\232}{section*.44}% 43
\BOOKMARK [1][-]{section*.46}{\376\377\173\054\123\101\116\000\172\340\000\040\000\040\127\037\127\060\142\177\123\005\176\317\204\045\147\103}{section*.44}% 44
\BOOKMARK [1][-]{section*.47}{\376\377\173\054\123\101\116\214\172\340\000\040\000\040\136\372\213\276\165\050\127\060\117\177\165\050\147\103}{section*.44}% 45
\BOOKMARK [1][-]{section*.48}{\376\377\173\054\123\101\116\011\172\340\000\040\000\040\133\205\127\372\127\060\117\177\165\050\147\103}{section*.44}% 46
\BOOKMARK [1][-]{section*.49}{\376\377\173\054\123\101\126\333\172\340\000\040\000\040\134\105\117\117\147\103}{section*.44}% 47
\BOOKMARK [1][-]{section*.50}{\376\377\173\054\123\101\116\224\172\340\000\040\000\040\127\060\137\171\147\103}{section*.44}% 48
\BOOKMARK [0][-]{section*.51}{\376\377\173\054\126\333\122\006\177\026\000\040\000\040\142\305\117\335\162\151\147\103}{section*.28}% 49
\BOOKMARK [1][-]{chapter*.52}{\376\377\173\054\123\101\121\155\172\340\000\040\000\040\116\000\202\054\211\304\133\232}{section*.51}% 50
\BOOKMARK [1][-]{section*.53}{\376\377\173\054\123\101\116\003\172\340\000\040\000\040\142\265\142\274\147\103}{section*.51}% 51
\BOOKMARK [2][-]{section*.54}{\376\377\173\054\116\000\202\202\000\040\000\040\116\000\202\054\142\265\142\274\147\103}{section*.53}% 52
\BOOKMARK [2][-]{subsection*.55}{\376\377\173\054\116\214\202\202\000\040\000\040\147\000\232\330\230\235\142\265\142\274\147\103}{section*.53}% 53
\BOOKMARK [1][-]{subsection*.56}{\376\377\173\054\123\101\121\153\172\340\000\040\000\040\215\050\147\103}{section*.51}% 54
\BOOKMARK [2][-]{section*.57}{\376\377\173\054\116\000\202\202\000\040\000\040\122\250\116\247\215\050\147\103}{subsection*.56}% 55
\BOOKMARK [2][-]{subsection*.58}{\376\377\173\054\116\214\202\202\000\040\000\040\147\103\122\051\215\050\147\103}{subsection*.56}% 56
\BOOKMARK [1][-]{subsection*.59}{\376\377\173\054\123\101\116\135\172\340\000\040\000\040\165\131\177\156\147\103}{section*.51}% 57
\BOOKMARK [0][-]{section*.60}{\376\377\173\054\116\224\122\006\177\026\000\040\000\040\123\140\147\011}{section*.28}% 58
\BOOKMARK [1][-]{chapter*.61}{\376\377\173\054\116\214\123\101\172\340\000\040\000\040\123\140\147\011}{section*.60}% 59
\BOOKMARK [-1][-]{section*.62}{\376\377\173\054\116\011\177\026\000\040\000\040\124\010\124\014}{}% 60
\BOOKMARK [0][-]{part*.64}{\376\377\173\054\116\000\122\006\177\026\000\040\000\040\220\032\122\031}{section*.62}% 61
\BOOKMARK [1][-]{chapter*.65}{\376\377\173\054\116\000\172\340\000\040\000\040\116\000\202\054\211\304\133\232}{part*.64}% 62
\BOOKMARK [1][-]{section*.66}{\376\377\173\054\116\214\172\340\000\040\000\040\124\010\124\014\166\204\213\242\172\313}{part*.64}% 63
\BOOKMARK [1][-]{section*.67}{\376\377\173\054\116\011\172\340\000\040\000\040\124\010\124\014\166\204\145\110\122\233}{part*.64}% 64
\BOOKMARK [1][-]{section*.68}{\376\377\173\054\126\333\172\340\000\040\000\040\124\010\124\014\166\204\134\145\210\114}{part*.64}% 65
\BOOKMARK [1][-]{section*.69}{\376\377\173\054\116\224\172\340\000\040\000\040\124\010\124\014\166\204\117\335\121\150}{part*.64}% 66
\BOOKMARK [1][-]{section*.70}{\376\377\173\054\121\155\172\340\000\040\000\040\124\010\124\014\166\204\123\330\146\364\124\214\217\154\213\251}{part*.64}% 67
\BOOKMARK [1][-]{section*.71}{\376\377\173\054\116\003\172\340\000\040\000\040\124\010\124\014\166\204\147\103\122\051\116\111\122\241\176\310\153\142}{part*.64}% 68
\BOOKMARK [1][-]{section*.72}{\376\377\173\054\121\153\172\340\000\040\000\040\217\335\176\246\215\043\116\373}{part*.64}% 69
\BOOKMARK [0][-]{section*.73}{\376\377\173\054\116\214\122\006\177\026\000\040\000\040\121\170\127\213\124\010\124\014}{section*.62}% 70
\BOOKMARK [1][-]{chapter*.74}{\376\377\173\054\116\135\172\340\000\040\000\040\116\160\123\126\124\010\124\014}{section*.73}% 71
\BOOKMARK [1][-]{section*.75}{\376\377\173\054\123\101\172\340\000\040\000\040\117\233\165\050\165\065\060\001\154\064\060\001\154\024\060\001\160\355\122\233\124\010\124\014}{section*.73}% 72
\BOOKMARK [1][-]{section*.76}{\376\377\173\054\123\101\116\000\172\340\000\040\000\040\215\140\116\016\124\010\124\014}{section*.73}% 73
\BOOKMARK [1][-]{section*.77}{\376\377\173\054\123\101\116\214\172\340\000\040\000\040\120\037\153\076\124\010\124\014}{section*.73}% 74
\BOOKMARK [1][-]{section*.78}{\376\377\173\054\123\101\116\011\172\340\000\040\000\040\117\335\213\301\124\010\124\014}{section*.73}% 75
\BOOKMARK [2][-]{section*.79}{\376\377\173\054\116\000\202\202\000\040\000\040\116\000\202\054\211\304\133\232}{section*.78}% 76
\BOOKMARK [2][-]{subsection*.80}{\376\377\173\054\116\214\202\202\000\040\000\040\117\335\213\301\215\043\116\373}{section*.78}% 77
\BOOKMARK [1][-]{subsection*.81}{\376\377\173\054\123\101\126\333\172\340\000\040\000\040\171\337\215\101\124\010\124\014}{section*.73}% 78
\BOOKMARK [1][-]{section*.82}{\376\377\173\054\123\101\116\224\172\340\000\040\000\040\207\215\215\104\171\337\215\101\124\010\124\014}{section*.73}% 79
\BOOKMARK [1][-]{section*.83}{\376\377\173\054\123\101\121\155\172\340\000\040\000\040\117\335\164\006\124\010\124\014}{section*.73}% 80
\BOOKMARK [1][-]{section*.84}{\376\377\173\054\123\101\116\003\172\340\000\040\000\040\142\177\143\375\124\010\124\014}{section*.73}% 81
\BOOKMARK [1][-]{section*.85}{\376\377\173\054\123\101\121\153\172\340\000\040\000\040\136\372\213\276\135\345\172\013\124\010\124\014}{section*.73}% 82
\BOOKMARK [1][-]{section*.86}{\376\377\173\054\123\101\116\135\172\340\000\040\000\040\217\320\217\223\124\010\124\014}{section*.73}% 83
\BOOKMARK [2][-]{section*.87}{\376\377\173\054\116\000\202\202\000\040\000\040\116\000\202\054\211\304\133\232}{section*.86}% 84
\BOOKMARK [2][-]{subsection*.88}{\376\377\173\054\116\214\202\202\000\040\000\040\133\242\217\320\124\010\124\014}{section*.86}% 85
\BOOKMARK [2][-]{subsection*.89}{\376\377\173\054\116\011\202\202\000\040\000\040\215\047\217\320\124\010\124\014}{section*.86}% 86
\BOOKMARK [2][-]{subsection*.90}{\376\377\173\054\126\333\202\202\000\040\000\040\131\032\137\017\200\124\217\320\124\010\124\014}{section*.86}% 87
\BOOKMARK [1][-]{subsection*.91}{\376\377\173\054\116\214\123\101\172\340\000\040\000\040\142\200\147\057\124\010\124\014}{section*.73}% 88
\BOOKMARK [2][-]{section*.92}{\376\377\173\054\116\000\202\202\000\040\000\040\116\000\202\054\211\304\133\232}{subsection*.91}% 89
\BOOKMARK [2][-]{subsection*.93}{\376\377\173\054\116\214\202\202\000\040\000\040\142\200\147\057\137\000\123\321\124\010\124\014}{subsection*.91}% 90
\BOOKMARK [2][-]{subsection*.94}{\376\377\173\054\116\011\202\202\000\040\000\040\142\200\147\057\217\154\213\251\124\010\124\014\124\214\142\200\147\057\213\270\123\357\124\010\124\014}{subsection*.91}% 91
\BOOKMARK [2][-]{subsection*.95}{\376\377\173\054\126\333\202\202\000\040\000\040\142\200\147\057\124\250\213\342\124\010\124\014\124\214\142\200\147\057\147\015\122\241\124\010\124\014}{subsection*.91}% 92
\BOOKMARK [1][-]{subsection*.96}{\376\377\173\054\116\214\123\101\116\000\172\340\000\040\000\040\117\335\173\241\124\010\124\014}{section*.73}% 93
\BOOKMARK [1][-]{section*.97}{\376\377\173\054\116\214\123\101\116\214\172\340\000\040\000\040\116\323\120\250\124\010\124\014}{section*.73}% 94
\BOOKMARK [1][-]{section*.98}{\376\377\173\054\116\214\123\101\116\011\172\340\000\040\000\040\131\324\142\130\124\010\124\014}{section*.73}% 95
\BOOKMARK [1][-]{section*.99}{\376\377\173\054\116\214\123\101\126\333\172\340\000\040\000\040\162\151\116\032\147\015\122\241\124\010\124\014}{section*.73}% 96
\BOOKMARK [1][-]{section*.100}{\376\377\173\054\116\214\123\101\116\224\172\340\000\040\000\040\210\114\176\252\124\010\124\014}{section*.73}% 97
\BOOKMARK [1][-]{section*.101}{\376\377\173\054\116\214\123\101\121\155\172\340\000\040\000\040\116\055\116\313\124\010\124\014}{section*.73}% 98
\BOOKMARK [1][-]{section*.102}{\376\377\173\054\116\214\123\101\116\003\172\340\000\040\000\040\124\010\117\031\124\010\124\014}{section*.73}% 99
\BOOKMARK [0][-]{section*.103}{\376\377\173\054\116\011\122\006\177\026\000\040\000\040\121\306\124\010\124\014}{section*.62}% 100
\BOOKMARK [1][-]{chapter*.104}{\376\377\173\054\116\214\123\101\121\153\172\340\000\040\000\040\145\340\126\340\173\241\164\006}{section*.103}% 101
\BOOKMARK [1][-]{section*.105}{\376\377\173\054\116\214\123\101\116\135\172\340\000\040\000\040\116\015\137\123\137\227\122\051}{section*.103}% 102
\BOOKMARK [-1][-]{section*.106}{\376\377\173\054\126\333\177\026\000\040\000\040\116\272\150\074\147\103}{}% 103
\BOOKMARK [0][-]{part*.108}{\376\377\173\054\116\000\172\340\000\040\000\040\116\000\202\054\211\304\133\232}{section*.106}% 104
\BOOKMARK [1][-]{section*.109}{\376\377\173\054\116\214\172\340\000\040\000\040\165\037\124\175\147\103\060\001\216\253\117\123\147\103\124\214\120\145\136\267\147\103}{part*.108}% 105
\BOOKMARK [1][-]{section*.110}{\376\377\173\054\116\011\172\340\000\040\000\040\131\323\124\015\147\103\124\214\124\015\171\360\147\103}{part*.108}% 106
\BOOKMARK [1][-]{section*.111}{\376\377\173\054\126\333\172\340\000\040\000\040\200\226\120\317\147\103}{part*.108}% 107
\BOOKMARK [1][-]{section*.112}{\376\377\173\054\116\224\172\340\000\040\000\040\124\015\212\211\147\103\124\214\203\143\212\211\147\103}{part*.108}% 108
\BOOKMARK [1][-]{section*.113}{\376\377\173\054\121\155\172\340\000\040\000\040\226\220\171\301\147\103\124\214\116\052\116\272\117\341\140\157\117\335\142\244}{part*.108}% 109
\BOOKMARK [-1][-]{section*.114}{\376\377\173\054\116\224\177\026\000\040\000\040\132\132\131\373\133\266\136\255}{}% 110
\BOOKMARK [0][-]{part*.116}{\376\377\173\054\116\000\172\340\000\040\000\040\116\000\202\054\211\304\133\232}{section*.114}% 111
\BOOKMARK [1][-]{section*.117}{\376\377\173\054\116\214\172\340\000\040\000\040\176\323\132\132}{part*.116}% 112
\BOOKMARK [1][-]{section*.118}{\376\377\173\054\116\011\172\340\000\040\000\040\133\266\136\255\121\163\174\373}{part*.116}% 113
\BOOKMARK [2][-]{section*.119}{\376\377\173\054\116\000\202\202\000\040\000\040\131\053\131\273\121\163\174\373}{section*.118}% 114
\BOOKMARK [2][-]{subsection*.120}{\376\377\173\054\116\214\202\202\000\040\000\040\162\066\153\315\133\120\131\163\121\163\174\373\124\214\121\166\116\326\217\321\116\262\134\136\121\163\174\373}{section*.118}% 115
\BOOKMARK [1][-]{subsection*.121}{\376\377\173\054\126\333\172\340\000\040\000\040\171\273\132\132}{part*.116}% 116
\BOOKMARK [1][-]{section*.122}{\376\377\173\054\116\224\172\340\000\040\000\040\145\066\121\173}{part*.116}% 117
\BOOKMARK [2][-]{section*.123}{\376\377\173\054\116\000\202\202\000\040\000\040\145\066\121\173\121\163\174\373\166\204\142\020\172\313}{section*.122}% 118
\BOOKMARK [2][-]{subsection*.124}{\376\377\173\054\116\214\202\202\000\040\000\040\145\066\121\173\166\204\145\110\122\233}{section*.122}% 119
\BOOKMARK [2][-]{subsection*.125}{\376\377\173\054\116\011\202\202\000\040\000\040\145\066\121\173\121\163\174\373\166\204\211\343\226\144}{section*.122}% 120
\BOOKMARK [-1][-]{subsection*.126}{\376\377\173\054\121\155\177\026\000\040\000\040\176\347\142\177}{}% 121
\BOOKMARK [0][-]{part*.128}{\376\377\173\054\116\000\172\340\000\040\000\040\116\000\202\054\211\304\133\232}{subsection*.126}% 122
\BOOKMARK [1][-]{section*.129}{\376\377\173\054\116\214\172\340\000\040\000\040\154\325\133\232\176\347\142\177}{part*.128}% 123
\BOOKMARK [1][-]{section*.130}{\376\377\173\054\116\011\172\340\000\040\000\040\220\127\126\061\176\347\142\177\124\214\220\127\215\140}{part*.128}% 124
\BOOKMARK [1][-]{section*.131}{\376\377\173\054\126\333\172\340\000\040\000\040\220\127\116\247\166\204\131\004\164\006}{part*.128}% 125
\BOOKMARK [-1][-]{section*.132}{\376\377\173\054\116\003\177\026\000\040\000\040\117\265\147\103\215\043\116\373}{}% 126
\BOOKMARK [0][-]{part*.134}{\376\377\173\054\116\000\172\340\000\040\000\040\116\000\202\054\211\304\133\232}{section*.132}% 127
\BOOKMARK [1][-]{section*.135}{\376\377\173\054\116\214\172\340\000\040\000\040\143\137\133\263\215\124\120\177}{part*.134}% 128
\BOOKMARK [1][-]{section*.136}{\376\377\173\054\116\011\172\340\000\040\000\040\215\043\116\373\116\073\117\123\166\204\162\171\153\212\211\304\133\232}{part*.134}% 129
\BOOKMARK [1][-]{section*.137}{\376\377\173\054\126\333\172\340\000\040\000\040\116\247\124\301\215\043\116\373}{part*.134}% 130
\BOOKMARK [1][-]{section*.138}{\376\377\173\054\116\224\172\340\000\040\000\040\147\072\122\250\217\146\116\244\220\032\116\213\145\105\215\043\116\373}{part*.134}% 131
\BOOKMARK [1][-]{section*.139}{\376\377\173\054\121\155\172\340\000\040\000\040\123\073\165\227\143\137\133\263\215\043\116\373}{part*.134}% 132
\BOOKMARK [1][-]{section*.140}{\376\377\173\054\116\003\172\340\000\040\000\040\163\257\130\203\154\141\147\323\124\214\165\037\140\001\170\064\127\117\215\043\116\373}{part*.134}% 133
\BOOKMARK [1][-]{section*.141}{\376\377\173\054\121\153\172\340\000\040\000\040\232\330\136\246\123\161\226\151\215\043\116\373}{part*.134}% 134
\BOOKMARK [1][-]{section*.142}{\376\377\173\054\116\135\172\340\000\040\000\040\231\162\121\173\122\250\162\151\143\137\133\263\215\043\116\373}{part*.134}% 135
\BOOKMARK [1][-]{section*.143}{\376\377\173\054\123\101\172\340\000\040\000\040\136\372\173\121\162\151\124\214\162\151\116\366\143\137\133\263\215\043\116\373}{part*.134}% 136
\BOOKMARK [-1][-]{section*.144}{\376\377\226\104\122\031}{}% 137
