This is XeTeX, Version 3.14159265-2.6-0.999992 (TeX Live 2020/W32TeX) (preloaded format=xelatex 2020.5.6)  3 JUN 2020 00:03
entering extended mode
 restricted \write18 enabled.
 %&-line parsing enabled.
**minfadian.tex
(./minfadian.tex
LaTeX2e <2020-02-02> patch level 5
L3 programming layer <2020-03-06>
(d:/Program Files/texlive/2020/texmf-dist/tex/latex/ctex/ctexbook.cls
(d:/Program Files/texlive/2020/texmf-dist/tex/latex/l3kernel/expl3.sty
Package: expl3 2020-03-06 L3 programming layer (loader) 

(d:/Program Files/texlive/2020/texmf-dist/tex/latex/l3backend/l3backend-xdvipdf
mx.def
File: l3backend-xdvipdfmx.def 2020-03-12 L3 backend support: xdvipdfmx
\g__graphics_track_int=\count163
\l__pdf_internal_box=\box45
\g__pdf_backend_object_int=\count164
\g__pdf_backend_annotation_int=\count165
))
Document Class: ctexbook 2019/05/29 v2.4.16 Chinese adapter for class book (CTE
X)

(d:/Program Files/texlive/2020/texmf-dist/tex/latex/l3packages/xparse/xparse.st
y
Package: xparse 2020-03-06 L3 Experimental document command parser
\l__xparse_current_arg_int=\count166
\g__xparse_grabber_int=\count167
\l__xparse_m_args_int=\count168
\l__xparse_v_nesting_int=\count169
)
(d:/Program Files/texlive/2020/texmf-dist/tex/latex/l3packages/l3keys2e/l3keys2
e.sty
Package: l3keys2e 2020-03-06 LaTeX2e option processing using LaTeX3 keys
) (d:/Program Files/texlive/2020/texmf-dist/tex/latex/ctex/ctexhook.sty
Package: ctexhook 2019/05/29 v2.4.16 Document and package hooks (CTEX)
)
(d:/Program Files/texlive/2020/texmf-dist/tex/latex/ctex/ctexpatch.sty
Package: ctexpatch 2019/05/29 v2.4.16 Patching commands (CTEX)
)
(d:/Program Files/texlive/2020/texmf-dist/tex/latex/base/fix-cm.sty
Package: fix-cm 2015/01/14 v1.1t fixes to LaTeX

(d:/Program Files/texlive/2020/texmf-dist/tex/latex/base/ts1enc.def
File: ts1enc.def 2001/06/05 v3.0e (jk/car/fm) Standard LaTeX file
LaTeX Font Info:    Redeclaring font encoding TS1 on input line 47.
))
(d:/Program Files/texlive/2020/texmf-dist/tex/latex/ms/everysel.sty
Package: everysel 2011/10/28 v1.2 EverySelectfont Package (MS)
)
\l__ctex_tmp_int=\count170
\l__ctex_tmp_box=\box46
\l__ctex_tmp_dim=\dimen134
\g__ctex_section_depth_int=\count171
\g__ctex_font_size_int=\count172

(d:/Program Files/texlive/2020/texmf-dist/tex/latex/ctex/config/ctexopts.cfg
File: ctexopts.cfg 2019/05/29 v2.4.16 Option configuration file (CTEX)
)
(d:/Program Files/texlive/2020/texmf-dist/tex/latex/base/book.cls
Document Class: book 2019/12/20 v1.4l Standard LaTeX document class
(d:/Program Files/texlive/2020/texmf-dist/tex/latex/base/bk12.clo
File: bk12.clo 2019/12/20 v1.4l Standard LaTeX file (size option)
)
\c@part=\count173
\c@chapter=\count174
\c@section=\count175
\c@subsection=\count176
\c@subsubsection=\count177
\c@paragraph=\count178
\c@subparagraph=\count179
\c@figure=\count180
\c@table=\count181
\abovecaptionskip=\skip47
\belowcaptionskip=\skip48
\bibindent=\dimen135
)
(d:/Program Files/texlive/2020/texmf-dist/tex/latex/ctex/engine/ctex-engine-xet
ex.def
File: ctex-engine-xetex.def 2019/05/29 v2.4.16 XeLaTeX adapter (CTEX)
 (d:/Program Files/texlive/2020/texmf-dist/tex/xelatex/xecjk/xeCJK.sty
Package: xeCJK 2020/02/18 v3.8.2 Typesetting CJK scripts with XeLaTeX

(d:/Program Files/texlive/2020/texmf-dist/tex/latex/l3packages/xtemplate/xtempl
ate.sty
Package: xtemplate 2020-03-06 L3 Experimental prototype document functions
\l__xtemplate_tmp_dim=\dimen136
\l__xtemplate_tmp_int=\count182
\l__xtemplate_tmp_muskip=\muskip16
\l__xtemplate_tmp_skip=\skip49
)
\l__xeCJK_tmp_int=\count183
\l__xeCJK_tmp_box=\box47
\l__xeCJK_tmp_dim=\dimen137
\l__xeCJK_tmp_skip=\skip50
\g__xeCJK_space_factor_int=\count184
\l__xeCJK_begin_int=\count185
\l__xeCJK_end_int=\count186
\c__xeCJK_CJK_class_int=\XeTeXcharclass1
\c__xeCJK_FullLeft_class_int=\XeTeXcharclass2
\c__xeCJK_FullRight_class_int=\XeTeXcharclass3
\c__xeCJK_HalfLeft_class_int=\XeTeXcharclass4
\c__xeCJK_HalfRight_class_int=\XeTeXcharclass5
\c__xeCJK_NormalSpace_class_int=\XeTeXcharclass6
\c__xeCJK_CM_class_int=\XeTeXcharclass7
\c__xeCJK_HangulJamo_class_int=\XeTeXcharclass8
\l__xeCJK_last_skip=\skip51
\g__xeCJK_node_int=\count187
\c__xeCJK_CJK_node_dim=\dimen138
\c__xeCJK_CJK-space_node_dim=\dimen139
\c__xeCJK_default_node_dim=\dimen140
\c__xeCJK_default-space_node_dim=\dimen141
\c__xeCJK_CJK-widow_node_dim=\dimen142
\c__xeCJK_normalspace_node_dim=\dimen143
\l__xeCJK_ccglue_skip=\skip52
\l__xeCJK_ecglue_skip=\skip53
\l__xeCJK_punct_kern_skip=\skip54
\l__xeCJK_last_penalty_int=\count188
\l__xeCJK_last_bound_dim=\dimen144
\l__xeCJK_last_kern_dim=\dimen145
\l__xeCJK_widow_penalty_int=\count189

Package xtemplate Info: Declaring object type 'xeCJK/punctuation' taking 0
(xtemplate)             argument(s) on line 2302.

\l__xeCJK_fixed_punct_width_dim=\dimen146
\l__xeCJK_mixed_punct_width_dim=\dimen147
\l__xeCJK_middle_punct_width_dim=\dimen148
\l__xeCJK_fixed_margin_width_dim=\dimen149
\l__xeCJK_mixed_margin_width_dim=\dimen150
\l__xeCJK_middle_margin_width_dim=\dimen151
\l__xeCJK_bound_punct_width_dim=\dimen152
\l__xeCJK_bound_margin_width_dim=\dimen153
\l__xeCJK_margin_minimum_dim=\dimen154
\l__xeCJK_kerning_total_width_dim=\dimen155
\l__xeCJK_same_align_margin_dim=\dimen156
\l__xeCJK_different_align_margin_dim=\dimen157
\l__xeCJK_kerning_margin_width_dim=\dimen158
\l__xeCJK_kerning_margin_minimum_dim=\dimen159
\l__xeCJK_bound_dim=\dimen160
\l__xeCJK_reverse_bound_dim=\dimen161
\l__xeCJK_margin_dim=\dimen162
\l__xeCJK_minimum_bound_dim=\dimen163
\l__xeCJK_kerning_margin_dim=\dimen164
\g__xeCJK_family_int=\count190
\l__xeCJK_fam_int=\count191
\g__xeCJK_fam_allocation_int=\count192
\l__xeCJK_verb_case_int=\count193
\l__xeCJK_verb_exspace_skip=\skip55

(d:/Program Files/texlive/2020/texmf-dist/tex/latex/fontspec/fontspec.sty
Package: fontspec 2020/02/21 v2.7i Font selection for XeLaTeX and LuaLaTeX

(d:/Program Files/texlive/2020/texmf-dist/tex/latex/fontspec/fontspec-xetex.sty
Package: fontspec-xetex 2020/02/21 v2.7i Font selection for XeLaTeX and LuaLaTe
X
\l__fontspec_script_int=\count194
\l__fontspec_language_int=\count195
\l__fontspec_strnum_int=\count196
\l__fontspec_tmp_int=\count197
\l__fontspec_tmpa_int=\count198
\l__fontspec_tmpb_int=\count199
\l__fontspec_tmpc_int=\count266
\l__fontspec_em_int=\count267
\l__fontspec_emdef_int=\count268
\l__fontspec_strong_int=\count269
\l__fontspec_strongdef_int=\count270
\l__fontspec_tmpa_dim=\dimen165
\l__fontspec_tmpb_dim=\dimen166
\l__fontspec_tmpc_dim=\dimen167
(d:/Program Files/texlive/2020/texmf-dist/tex/latex/base/fontenc.sty
Package: fontenc 2020/02/11 v2.0o Standard LaTeX package
)
(d:/Program Files/texlive/2020/texmf-dist/tex/latex/fontspec/fontspec.cfg)))
(d:/Program Files/texlive/2020/texmf-dist/tex/xelatex/xecjk/xeCJK.cfg
File: xeCJK.cfg 2020/02/18 v3.8.2 Configuration file for xeCJK package
))
(d:/Program Files/texlive/2020/texmf-dist/tex/xelatex/xecjk/xeCJKfntef.sty
Package: xeCJKfntef 2020/02/18 v3.8.2 xeCJK font effect

(d:/Program Files/texlive/2020/texmf-dist/tex/generic/ulem/ulem.sty
\UL@box=\box48
\UL@hyphenbox=\box49
\UL@skip=\skip56
\UL@hook=\toks15
\UL@height=\dimen168
\UL@pe=\count271
\UL@pixel=\dimen169
\ULC@box=\box50
Package: ulem 2019/11/18
\ULdepth=\dimen170
)
\l__xeCJK_space_skip=\skip57
\c__xeCJK_ulem-begin_node_dim=\dimen171
\c__xeCJK_null_box=\box51
\l__xeCJK_fntef_box=\box52
\l__xeCJK_under_symbol_box=\box53
\c__xeCJK_filll_skip=\skip58
)
\ccwd=\dimen172
\l__ctex_ccglue_skip=\skip59
)
\l__ctex_ziju_dim=\dimen173

(d:/Program Files/texlive/2020/texmf-dist/tex/latex/zhnumber/zhnumber.sty
Package: zhnumber 2019/04/07 v2.7 Typesetting numbers with Chinese glyphs
\l__zhnum_scale_int=\count272

(d:/Program Files/texlive/2020/texmf-dist/tex/latex/zhnumber/zhnumber-utf8.cfg
File: zhnumber-utf8.cfg 2019/04/07 v2.7 Chinese numerals with UTF8 encoding
))
\l__ctex_heading_skip=\skip60

(d:/Program Files/texlive/2020/texmf-dist/tex/latex/ctex/scheme/ctex-scheme-chi
nese-book.def
File: ctex-scheme-chinese-book.def 2019/05/29 v2.4.16 Chinese scheme for book (
CTEX)

(d:/Program Files/texlive/2020/texmf-dist/tex/latex/ctex/config/ctex-name-utf8.
cfg
File: ctex-name-utf8.cfg 2019/05/29 v2.4.16 Caption with encoding UTF8 (CTEX)
))
(d:/Program Files/texlive/2020/texmf-dist/tex/latex/ctex/fontset/ctex-fontset-w
indows.def
File: ctex-fontset-windows.def 2019/05/29 v2.4.16 Windows fonts definition (CTE
X)

(d:/Program Files/texlive/2020/texmf-dist/tex/latex/ctex/fontset/ctex-fontset-w
indowsnew.def
File: ctex-fontset-windowsnew.def 2019/05/29 v2.4.16 Windows fonts definition f
or Vista or later version (CTEX)

Package fontspec Info: Could not resolve font "KaiTi/B" (it probably doesn't
(fontspec)             exist).


Package fontspec Info: Could not resolve font "SimHei/I" (it probably doesn't
(fontspec)             exist).


Package fontspec Info: Could not resolve font "SimSun/BI" (it probably doesn't
(fontspec)             exist).


Package fontspec Info: Font family 'SimSun(0)' created for font 'SimSun' with
(fontspec)             options
(fontspec)             [Script={CJK},BoldFont={SimHei},ItalicFont={KaiTi}].
(fontspec)              
(fontspec)              This font family consists of the following NFSS
(fontspec)             series/shapes:
(fontspec)              
(fontspec)             - 'normal' (m/n) with NFSS spec.:
(fontspec)             <->"SimSun/OT:script=hani;language=dflt;"
(fontspec)             - 'small caps'  (m/sc) with NFSS spec.: 
(fontspec)             - 'bold' (b/n) with NFSS spec.:
(fontspec)             <->"SimHei/OT:script=hani;language=dflt;"
(fontspec)             - 'bold small caps'  (b/sc) with NFSS spec.: 
(fontspec)             - 'italic' (m/it) with NFSS spec.:
(fontspec)             <->"KaiTi/OT:script=hani;language=dflt;"
(fontspec)             - 'italic small caps'  (m/scit) with NFSS spec.: 

)))
(d:/Program Files/texlive/2020/texmf-dist/tex/latex/ctex/config/ctex.cfg
File: ctex.cfg 2019/05/29 v2.4.16 Configuration file (CTEX)
)
(d:/Program Files/texlive/2020/texmf-dist/tex/latex/geometry/geometry.sty
Package: geometry 2020/01/02 v5.9 Page Geometry

(d:/Program Files/texlive/2020/texmf-dist/tex/latex/graphics/keyval.sty
Package: keyval 2014/10/28 v1.15 key=value parser (DPC)
\KV@toks@=\toks16
)
(d:/Program Files/texlive/2020/texmf-dist/tex/generic/iftex/ifvtex.sty
Package: ifvtex 2019/10/25 v1.7 ifvtex legacy package. Use iftex instead.

(d:/Program Files/texlive/2020/texmf-dist/tex/generic/iftex/iftex.sty
Package: iftex 2020/03/06 v1.0d TeX engine tests
))
\Gm@cnth=\count273
\Gm@cntv=\count274
\c@Gm@tempcnt=\count275
\Gm@bindingoffset=\dimen174
\Gm@wd@mp=\dimen175
\Gm@odd@mp=\dimen176
\Gm@even@mp=\dimen177
\Gm@layoutwidth=\dimen178
\Gm@layoutheight=\dimen179
\Gm@layouthoffset=\dimen180
\Gm@layoutvoffset=\dimen181
\Gm@dimlist=\toks17
)
(d:/Program Files/texlive/2020/texmf-dist/tex/latex/tocvsec2/tocvsec2.sty
Package: tocvsec2 2014/03/10 v1.3a variable ToC section entries

(d:/Program Files/texlive/2020/texmf-dist/tex/latex/base/ifthen.sty
Package: ifthen 2014/09/29 v1.1c Standard LaTeX ifthen package (DPC)
)
\c@max@tocdepth=\count276
\c@max@secnumdepth=\count277
)
(d:/Program Files/texlive/2020/texmf-dist/tex/latex/hyperref/hyperref.sty
Package: hyperref 2020/01/14 v7.00d Hypertext links for LaTeX

(d:/Program Files/texlive/2020/texmf-dist/tex/generic/ltxcmds/ltxcmds.sty
Package: ltxcmds 2019/12/15 v1.24 LaTeX kernel commands for general use (HO)
)
(d:/Program Files/texlive/2020/texmf-dist/tex/latex/pdftexcmds/pdftexcmds.sty
Package: pdftexcmds 2019/11/24 v0.31 Utility functions of pdfTeX for LuaTeX (HO
)

(d:/Program Files/texlive/2020/texmf-dist/tex/generic/infwarerr/infwarerr.sty
Package: infwarerr 2019/12/03 v1.5 Providing info/warning/error messages (HO)
)
Package pdftexcmds Info: \pdf@primitive is available.
Package pdftexcmds Info: \pdf@ifprimitive is available.
Package pdftexcmds Info: \pdfdraftmode not found.
) (d:/Program Files/texlive/2020/texmf-dist/tex/generic/kvsetkeys/kvsetkeys.sty
Package: kvsetkeys 2019/12/15 v1.18 Key value parser (HO)
)
(d:/Program Files/texlive/2020/texmf-dist/tex/generic/kvdefinekeys/kvdefinekeys
.sty
Package: kvdefinekeys 2019-12-19 v1.6 Define keys (HO)
)
(d:/Program Files/texlive/2020/texmf-dist/tex/generic/pdfescape/pdfescape.sty
Package: pdfescape 2019/12/09 v1.15 Implements pdfTeX's escape features (HO)
)
(d:/Program Files/texlive/2020/texmf-dist/tex/latex/hycolor/hycolor.sty
Package: hycolor 2020-01-27 v1.10 Color options for hyperref/bookmark (HO)
)
(d:/Program Files/texlive/2020/texmf-dist/tex/latex/letltxmacro/letltxmacro.sty
Package: letltxmacro 2019/12/03 v1.6 Let assignment for LaTeX macros (HO)
) (d:/Program Files/texlive/2020/texmf-dist/tex/latex/auxhook/auxhook.sty
Package: auxhook 2019-12-17 v1.6 Hooks for auxiliary files (HO)
)
(d:/Program Files/texlive/2020/texmf-dist/tex/latex/kvoptions/kvoptions.sty
Package: kvoptions 2019/11/29 v3.13 Key value format for package options (HO)
)
\@linkdim=\dimen182
\Hy@linkcounter=\count278
\Hy@pagecounter=\count279

(d:/Program Files/texlive/2020/texmf-dist/tex/latex/hyperref/pd1enc.def
File: pd1enc.def 2020/01/14 v7.00d Hyperref: PDFDocEncoding definition (HO)
)
(d:/Program Files/texlive/2020/texmf-dist/tex/generic/intcalc/intcalc.sty
Package: intcalc 2019/12/15 v1.3 Expandable calculations with integers (HO)
)
(d:/Program Files/texlive/2020/texmf-dist/tex/generic/etexcmds/etexcmds.sty
Package: etexcmds 2019/12/15 v1.7 Avoid name clashes with e-TeX commands (HO)
)
\Hy@SavedSpaceFactor=\count280
Package hyperref Info: Option `unicode' set `true' on input line 4421.

(d:/Program Files/texlive/2020/texmf-dist/tex/latex/hyperref/puenc.def
File: puenc.def 2020/01/14 v7.00d Hyperref: PDF Unicode definition (HO)
)
Package hyperref Info: Option `breaklinks' set `true' on input line 4421.
Package hyperref Info: Option `colorlinks' set `true' on input line 4421.
Package hyperref Info: Hyper figures OFF on input line 4547.
Package hyperref Info: Link nesting OFF on input line 4552.
Package hyperref Info: Hyper index ON on input line 4555.
Package hyperref Info: Plain pages OFF on input line 4562.
Package hyperref Info: Backreferencing OFF on input line 4567.
Package hyperref Info: Implicit mode ON; LaTeX internals redefined.
Package hyperref Info: Bookmarks ON on input line 4800.
\c@Hy@tempcnt=\count281

(d:/Program Files/texlive/2020/texmf-dist/tex/latex/url/url.sty
\Urlmuskip=\muskip17
Package: url 2013/09/16  ver 3.4  Verb mode for urls, etc.
)
LaTeX Info: Redefining \url on input line 5159.
\XeTeXLinkMargin=\dimen183

(d:/Program Files/texlive/2020/texmf-dist/tex/generic/bitset/bitset.sty
Package: bitset 2019/12/09 v1.3 Handle bit-vector datatype (HO)

(d:/Program Files/texlive/2020/texmf-dist/tex/generic/bigintcalc/bigintcalc.sty
Package: bigintcalc 2019/12/15 v1.5 Expandable calculations on big integers (HO
)
))
\Fld@menulength=\count282
\Field@Width=\dimen184
\Fld@charsize=\dimen185
Package hyperref Info: Hyper figures OFF on input line 6430.
Package hyperref Info: Link nesting OFF on input line 6435.
Package hyperref Info: Hyper index ON on input line 6438.
Package hyperref Info: backreferencing OFF on input line 6445.
Package hyperref Info: Link coloring ON on input line 6448.
Package hyperref Info: Link coloring with OCG OFF on input line 6455.
Package hyperref Info: PDF/A mode OFF on input line 6460.
LaTeX Info: Redefining \ref on input line 6500.
LaTeX Info: Redefining \pageref on input line 6504.
 (d:/Program Files/texlive/2020/texmf-dist/tex/generic/atbegshi/atbegshi.sty
Package: atbegshi 2019/12/05 v1.19 At begin shipout hook (HO)
)
\Hy@abspage=\count283
\c@Item=\count284
\c@Hfootnote=\count285
)
Package hyperref Info: Driver (autodetected): hxetex.
 (d:/Program Files/texlive/2020/texmf-dist/tex/latex/hyperref/hxetex.def
File: hxetex.def 2020/01/14 v7.00d Hyperref driver for XeTeX

(d:/Program Files/texlive/2020/texmf-dist/tex/generic/stringenc/stringenc.sty
Package: stringenc 2019/11/29 v1.12 Convert strings between diff. encodings (HO
)
)
\pdfm@box=\box54
\c@Hy@AnnotLevel=\count286
\HyField@AnnotCount=\count287
\Fld@listcount=\count288
\c@bookmark@seq@number=\count289

(d:/Program Files/texlive/2020/texmf-dist/tex/latex/rerunfilecheck/rerunfileche
ck.sty
Package: rerunfilecheck 2019/12/05 v1.9 Rerun checks for auxiliary files (HO)

(d:/Program Files/texlive/2020/texmf-dist/tex/latex/atveryend/atveryend.sty
Package: atveryend 2019-12-11 v1.11 Hooks at the very end of document (HO)
Package atveryend Info: \enddocument detected (standard20110627).
)
(d:/Program Files/texlive/2020/texmf-dist/tex/generic/uniquecounter/uniquecount
er.sty
Package: uniquecounter 2019/12/15 v1.4 Provide unlimited unique counter (HO)
)
Package uniquecounter Info: New unique counter `rerunfilecheck' on input line 2
86.
)
\Hy@SectionHShift=\skip61
) (./minfadian.aux)
\openout1 = `minfadian.aux'.

LaTeX Font Info:    Checking defaults for OML/cmm/m/it on input line 9.
LaTeX Font Info:    ... okay on input line 9.
LaTeX Font Info:    Checking defaults for OMS/cmsy/m/n on input line 9.
LaTeX Font Info:    ... okay on input line 9.
LaTeX Font Info:    Checking defaults for OT1/cmr/m/n on input line 9.
LaTeX Font Info:    ... okay on input line 9.
LaTeX Font Info:    Checking defaults for T1/cmr/m/n on input line 9.
LaTeX Font Info:    ... okay on input line 9.
LaTeX Font Info:    Checking defaults for TS1/cmr/m/n on input line 9.
LaTeX Font Info:    ... okay on input line 9.
LaTeX Font Info:    Checking defaults for TU/lmr/m/n on input line 9.
LaTeX Font Info:    ... okay on input line 9.
LaTeX Font Info:    Checking defaults for OMX/cmex/m/n on input line 9.
LaTeX Font Info:    ... okay on input line 9.
LaTeX Font Info:    Checking defaults for U/cmr/m/n on input line 9.
LaTeX Font Info:    ... okay on input line 9.
LaTeX Font Info:    Checking defaults for PD1/pdf/m/n on input line 9.
LaTeX Font Info:    ... okay on input line 9.
LaTeX Font Info:    Checking defaults for PU/pdf/m/n on input line 9.
LaTeX Font Info:    ... okay on input line 9.
 ABD: EverySelectfont initializing macros
LaTeX Info: Redefining \selectfont on input line 9.

Package fontspec Info: Adjusting the maths setup (use [no-math] to avoid
(fontspec)             this).

\symlegacymaths=\mathgroup4
LaTeX Font Info:    Overwriting symbol font `legacymaths' in version `bold'
(Font)                  OT1/cmr/m/n --> OT1/cmr/bx/n on input line 9.
LaTeX Font Info:    Redeclaring math accent \acute on input line 9.
LaTeX Font Info:    Redeclaring math accent \grave on input line 9.
LaTeX Font Info:    Redeclaring math accent \ddot on input line 9.
LaTeX Font Info:    Redeclaring math accent \tilde on input line 9.
LaTeX Font Info:    Redeclaring math accent \bar on input line 9.
LaTeX Font Info:    Redeclaring math accent \breve on input line 9.
LaTeX Font Info:    Redeclaring math accent \check on input line 9.
LaTeX Font Info:    Redeclaring math accent \hat on input line 9.
LaTeX Font Info:    Redeclaring math accent \dot on input line 9.
LaTeX Font Info:    Redeclaring math accent \mathring on input line 9.
LaTeX Font Info:    Redeclaring math symbol \colon on input line 9.
LaTeX Font Info:    Redeclaring math symbol \Gamma on input line 9.
LaTeX Font Info:    Redeclaring math symbol \Delta on input line 9.
LaTeX Font Info:    Redeclaring math symbol \Theta on input line 9.
LaTeX Font Info:    Redeclaring math symbol \Lambda on input line 9.
LaTeX Font Info:    Redeclaring math symbol \Xi on input line 9.
LaTeX Font Info:    Redeclaring math symbol \Pi on input line 9.
LaTeX Font Info:    Redeclaring math symbol \Sigma on input line 9.
LaTeX Font Info:    Redeclaring math symbol \Upsilon on input line 9.
LaTeX Font Info:    Redeclaring math symbol \Phi on input line 9.
LaTeX Font Info:    Redeclaring math symbol \Psi on input line 9.
LaTeX Font Info:    Redeclaring math symbol \Omega on input line 9.
LaTeX Font Info:    Redeclaring math symbol \mathdollar on input line 9.
LaTeX Font Info:    Redeclaring symbol font `operators' on input line 9.
LaTeX Font Info:    Encoding `OT1' has changed to `TU' for symbol font
(Font)              `operators' in the math version `normal' on input line 9.
LaTeX Font Info:    Overwriting symbol font `operators' in version `normal'
(Font)                  OT1/cmr/m/n --> TU/lmr/m/n on input line 9.
LaTeX Font Info:    Encoding `OT1' has changed to `TU' for symbol font
(Font)              `operators' in the math version `bold' on input line 9.
LaTeX Font Info:    Overwriting symbol font `operators' in version `bold'
(Font)                  OT1/cmr/bx/n --> TU/lmr/m/n on input line 9.
LaTeX Font Info:    Overwriting symbol font `operators' in version `normal'
(Font)                  TU/lmr/m/n --> TU/lmr/m/n on input line 9.
LaTeX Font Info:    Overwriting math alphabet `\mathit' in version `normal'
(Font)                  OT1/cmr/m/it --> TU/lmr/m/it on input line 9.
LaTeX Font Info:    Overwriting math alphabet `\mathbf' in version `normal'
(Font)                  OT1/cmr/bx/n --> TU/lmr/b/n on input line 9.
LaTeX Font Info:    Overwriting math alphabet `\mathsf' in version `normal'
(Font)                  OT1/cmss/m/n --> TU/lmss/m/n on input line 9.
LaTeX Font Info:    Overwriting math alphabet `\mathtt' in version `normal'
(Font)                  OT1/cmtt/m/n --> TU/lmtt/m/n on input line 9.
LaTeX Font Info:    Overwriting symbol font `operators' in version `bold'
(Font)                  TU/lmr/m/n --> TU/lmr/b/n on input line 9.
LaTeX Font Info:    Overwriting math alphabet `\mathit' in version `bold'
(Font)                  OT1/cmr/bx/it --> TU/lmr/b/it on input line 9.
LaTeX Font Info:    Overwriting math alphabet `\mathsf' in version `bold'
(Font)                  OT1/cmss/bx/n --> TU/lmss/b/n on input line 9.
LaTeX Font Info:    Overwriting math alphabet `\mathtt' in version `bold'
(Font)                  OT1/cmtt/m/n --> TU/lmtt/b/n on input line 9.

*geometry* driver: auto-detecting
*geometry* detected driver: xetex
*geometry* verbose mode - [ preamble ] result:
* driver: xetex
* paper: a4paper
* layout: <same size as paper>
* layoutoffset:(h,v)=(0.0pt,0.0pt)
* modes: twoside 
* h-part:(L,W,R)=(47.7999pt, 478.00812pt, 71.69986pt)
* v-part:(T,H,B)=(67.60269pt, 676.04005pt, 101.4041pt)
* \paperwidth=597.50787pt
* \paperheight=845.04684pt
* \textwidth=478.00812pt
* \textheight=676.04005pt
* \oddsidemargin=-24.4701pt
* \evensidemargin=-0.57013pt
* \topmargin=-36.54109pt
* \headheight=12.0pt
* \headsep=19.8738pt
* \topskip=12.0pt
* \footskip=30.0pt
* \marginparwidth=88.0pt
* \marginparsep=7.0pt
* \columnsep=10.0pt
* \skip\footins=10.8pt plus 4.0pt minus 2.0pt
* \hoffset=0.0pt
* \voffset=0.0pt
* \mag=1000
* \@twocolumnfalse
* \@twosidetrue
* \@mparswitchtrue
* \@reversemarginfalse
* (1in=72.27pt=25.4mm, 1cm=28.453pt)

\AtBeginShipoutBox=\box55
(d:/Program Files/texlive/2020/texmf-dist/tex/latex/graphics/color.sty
Package: color 2019/11/23 v1.2a Standard LaTeX Color (DPC)

(d:/Program Files/texlive/2020/texmf-dist/tex/latex/graphics-cfg/color.cfg
File: color.cfg 2016/01/02 v1.6 sample color configuration
)
Package color Info: Driver file: xetex.def on input line 147.

(d:/Program Files/texlive/2020/texmf-dist/tex/latex/graphics-def/xetex.def
File: xetex.def 2017/06/24 v5.0h Graphics/color driver for xetex
))
Package hyperref Info: Link coloring ON on input line 9.

(d:/Program Files/texlive/2020/texmf-dist/tex/latex/hyperref/nameref.sty
Package: nameref 2019/09/16 v2.46 Cross-referencing by name of section

(d:/Program Files/texlive/2020/texmf-dist/tex/latex/refcount/refcount.sty
Package: refcount 2019/12/15 v3.6 Data extraction from label references (HO)
)
(d:/Program Files/texlive/2020/texmf-dist/tex/generic/gettitlestring/gettitlest
ring.sty
Package: gettitlestring 2019/12/15 v1.6 Cleanup title references (HO)
)
\c@section@level=\count290
)
LaTeX Info: Redefining \ref on input line 9.
LaTeX Info: Redefining \pageref on input line 9.
LaTeX Info: Redefining \nameref on input line 9.
 (./minfadian.out) (./minfadian.out)
\@outlinefile=\write3
\openout3 = `minfadian.out'.

LaTeX Font Info:    External font `cmex10' loaded for size
(Font)              <14.4> on input line 14.
LaTeX Font Info:    External font `cmex10' loaded for size
(Font)              <7> on input line 14.
 [1


] [2

] (./minfadian.toc
LaTeX Font Info:    External font `cmex10' loaded for size
(Font)              <12> on input line 3.
LaTeX Font Info:    External font `cmex10' loaded for size
(Font)              <8> on input line 3.
LaTeX Font Info:    External font `cmex10' loaded for size
(Font)              <6> on input line 3.

[3] [4] [5] [6])
\tf@toc=\write4
\openout4 = `minfadian.toc'.

 [7] [8

]

Package hyperref Warning: Token not allowed in a PDF string (Unicode):
(hyperref)                \hskip 24.0pt
(hyperref)                replaced by space on input line 20.

[1


] [2]

Package hyperref Warning: Difference (2) between bookmark levels is greater 
(hyperref)                than one, level fixed on input line 25.


Package hyperref Warning: Token not allowed in a PDF string (Unicode):
(hyperref)                \hskip 24.0pt
(hyperref)                replaced by space on input line 25.


Package hyperref Warning: Token not allowed in a PDF string (Unicode):
(hyperref)                \hskip 24.0pt
(hyperref)                replaced by space on input line 52.


Package hyperref Warning: Token not allowed in a PDF string (Unicode):
(hyperref)                \hskip 24.0pt
(hyperref)                replaced by space on input line 55.

[3]

Package hyperref Warning: Token not allowed in a PDF string (Unicode):
(hyperref)                \hskip 24.0pt
(hyperref)                replaced by space on input line 92.

[4] [5]

Package hyperref Warning: Token not allowed in a PDF string (Unicode):
(hyperref)                \hskip 24.0pt
(hyperref)                replaced by space on input line 177.

[6]

Package hyperref Warning: Token not allowed in a PDF string (Unicode):
(hyperref)                \hskip 24.0pt
(hyperref)                replaced by space on input line 228.

[7]

Package hyperref Warning: Token not allowed in a PDF string (Unicode):
(hyperref)                \hskip 24.0pt
(hyperref)                replaced by space on input line 239.


Package hyperref Warning: Token not allowed in a PDF string (Unicode):
(hyperref)                \hskip 24.0pt
(hyperref)                replaced by space on input line 242.

[8]

Package hyperref Warning: Token not allowed in a PDF string (Unicode):
(hyperref)                \hskip 24.0pt
(hyperref)                replaced by space on input line 325.

[9]

Package hyperref Warning: Token not allowed in a PDF string (Unicode):
(hyperref)                \hskip 24.0pt
(hyperref)                replaced by space on input line 360.

[10]

Package hyperref Warning: Token not allowed in a PDF string (Unicode):
(hyperref)                \hskip 24.0pt
(hyperref)                replaced by space on input line 395.

[11]

Package hyperref Warning: Token not allowed in a PDF string (Unicode):
(hyperref)                \hskip 24.0pt
(hyperref)                replaced by space on input line 416.


Package hyperref Warning: Token not allowed in a PDF string (Unicode):
(hyperref)                \hskip 24.0pt
(hyperref)                replaced by space on input line 443.

[12] [13]

Package hyperref Warning: Token not allowed in a PDF string (Unicode):
(hyperref)                \hskip 24.0pt
(hyperref)                replaced by space on input line 520.


Package hyperref Warning: Token not allowed in a PDF string (Unicode):
(hyperref)                \hskip 24.0pt
(hyperref)                replaced by space on input line 523.


Package hyperref Warning: Token not allowed in a PDF string (Unicode):
(hyperref)                \hskip 24.0pt
(hyperref)                replaced by space on input line 538.

[14]

Package hyperref Warning: Token not allowed in a PDF string (Unicode):
(hyperref)                \hskip 24.0pt
(hyperref)                replaced by space on input line 559.

[15]

Package hyperref Warning: Token not allowed in a PDF string (Unicode):
(hyperref)                \hskip 24.0pt
(hyperref)                replaced by space on input line 612.


Package hyperref Warning: Token not allowed in a PDF string (Unicode):
(hyperref)                \hskip 24.0pt
(hyperref)                replaced by space on input line 621.


Package hyperref Warning: Token not allowed in a PDF string (Unicode):
(hyperref)                \hskip 24.0pt
(hyperref)                replaced by space on input line 624.


Package hyperref Warning: Token not allowed in a PDF string (Unicode):
(hyperref)                \hskip 24.0pt
(hyperref)                replaced by space on input line 641.

[16]

Package hyperref Warning: Token not allowed in a PDF string (Unicode):
(hyperref)                \hskip 24.0pt
(hyperref)                replaced by space on input line 674.

[17]

Package hyperref Warning: Token not allowed in a PDF string (Unicode):
(hyperref)                \hskip 24.0pt
(hyperref)                replaced by space on input line 711.

[18]

Package hyperref Warning: Token not allowed in a PDF string (Unicode):
(hyperref)                \hskip 24.0pt
(hyperref)                replaced by space on input line 776.

[19] [20]

Package hyperref Warning: Token not allowed in a PDF string (Unicode):
(hyperref)                \hskip 24.0pt
(hyperref)                replaced by space on input line 837.

[21] [22

]

Package hyperref Warning: Token not allowed in a PDF string (Unicode):
(hyperref)                \hskip 24.0pt
(hyperref)                replaced by space on input line 857.

[23

] [24]

Package hyperref Warning: Token not allowed in a PDF string (Unicode):
(hyperref)                \hskip 24.0pt
(hyperref)                replaced by space on input line 862.


Package hyperref Warning: Token not allowed in a PDF string (Unicode):
(hyperref)                \hskip 24.0pt
(hyperref)                replaced by space on input line 865.


Package hyperref Warning: Token not allowed in a PDF string (Unicode):
(hyperref)                \hskip 24.0pt
(hyperref)                replaced by space on input line 880.


Package hyperref Warning: Token not allowed in a PDF string (Unicode):
(hyperref)                \hskip 24.0pt
(hyperref)                replaced by space on input line 883.

[25


]

Package hyperref Warning: Token not allowed in a PDF string (Unicode):
(hyperref)                \hskip 24.0pt
(hyperref)                replaced by space on input line 944.

[26]

Package hyperref Warning: Token not allowed in a PDF string (Unicode):
(hyperref)                \hskip 24.0pt
(hyperref)                replaced by space on input line 958.


Package hyperref Warning: Token not allowed in a PDF string (Unicode):
(hyperref)                \hskip 24.0pt
(hyperref)                replaced by space on input line 969.

[27] [28

]

Package hyperref Warning: Token not allowed in a PDF string (Unicode):
(hyperref)                \hskip 24.0pt
(hyperref)                replaced by space on input line 988.


Package hyperref Warning: Token not allowed in a PDF string (Unicode):
(hyperref)                \hskip 24.0pt
(hyperref)                replaced by space on input line 991.


Package hyperref Warning: Token not allowed in a PDF string (Unicode):
(hyperref)                \hskip 24.0pt
(hyperref)                replaced by space on input line 1012.

[29

] [30]

Package hyperref Warning: Token not allowed in a PDF string (Unicode):
(hyperref)                \hskip 24.0pt
(hyperref)                replaced by space on input line 1101.

[31] [32]

Package hyperref Warning: Token not allowed in a PDF string (Unicode):
(hyperref)                \hskip 24.0pt
(hyperref)                replaced by space on input line 1176.

[33]

Package hyperref Warning: Token not allowed in a PDF string (Unicode):
(hyperref)                \hskip 24.0pt
(hyperref)                replaced by space on input line 1199.

[34]

Package hyperref Warning: Token not allowed in a PDF string (Unicode):
(hyperref)                \hskip 24.0pt
(hyperref)                replaced by space on input line 1234.

[35] [36]

Package hyperref Warning: Token not allowed in a PDF string (Unicode):
(hyperref)                \hskip 24.0pt
(hyperref)                replaced by space on input line 1279.


Package hyperref Warning: Token not allowed in a PDF string (Unicode):
(hyperref)                \hskip 24.0pt
(hyperref)                replaced by space on input line 1282.


Package hyperref Warning: Token not allowed in a PDF string (Unicode):
(hyperref)                \hskip 24.0pt
(hyperref)                replaced by space on input line 1299.

[37


]

Package hyperref Warning: Token not allowed in a PDF string (Unicode):
(hyperref)                \hskip 24.0pt
(hyperref)                replaced by space on input line 1338.

[38] [39]

Package hyperref Warning: Token not allowed in a PDF string (Unicode):
(hyperref)                \hskip 24.0pt
(hyperref)                replaced by space on input line 1399.


Package hyperref Warning: Token not allowed in a PDF string (Unicode):
(hyperref)                \hskip 24.0pt
(hyperref)                replaced by space on input line 1410.


Package hyperref Warning: Token not allowed in a PDF string (Unicode):
(hyperref)                \hskip 24.0pt
(hyperref)                replaced by space on input line 1437.


Underfull \vbox (badness 1533) has occurred while \output is active []

 [40]
[41] [42]

Package hyperref Warning: Token not allowed in a PDF string (Unicode):
(hyperref)                \hskip 24.0pt
(hyperref)                replaced by space on input line 1489.


Package hyperref Warning: Token not allowed in a PDF string (Unicode):
(hyperref)                \hskip 24.0pt
(hyperref)                replaced by space on input line 1492.

[43


]

Package hyperref Warning: Token not allowed in a PDF string (Unicode):
(hyperref)                \hskip 24.0pt
(hyperref)                replaced by space on input line 1523.


Package hyperref Warning: Token not allowed in a PDF string (Unicode):
(hyperref)                \hskip 24.0pt
(hyperref)                replaced by space on input line 1526.

[44] [45]

Package hyperref Warning: Token not allowed in a PDF string (Unicode):
(hyperref)                \hskip 24.0pt
(hyperref)                replaced by space on input line 1649.

[46]

Package hyperref Warning: Token not allowed in a PDF string (Unicode):
(hyperref)                \hskip 24.0pt
(hyperref)                replaced by space on input line 1676.


Package hyperref Warning: Token not allowed in a PDF string (Unicode):
(hyperref)                \hskip 24.0pt
(hyperref)                replaced by space on input line 1679.

[47]

Package hyperref Warning: Token not allowed in a PDF string (Unicode):
(hyperref)                \hskip 24.0pt
(hyperref)                replaced by space on input line 1738.


Underfull \vbox (badness 3849) has occurred while \output is active []

 [48]

Package hyperref Warning: Token not allowed in a PDF string (Unicode):
(hyperref)                \hskip 24.0pt
(hyperref)                replaced by space on input line 1775.

[49] [50]

Package hyperref Warning: Token not allowed in a PDF string (Unicode):
(hyperref)                \hskip 24.0pt
(hyperref)                replaced by space on input line 1808.


Package hyperref Warning: Token not allowed in a PDF string (Unicode):
(hyperref)                \hskip 24.0pt
(hyperref)                replaced by space on input line 1811.

[51


] [52

]

Package hyperref Warning: Token not allowed in a PDF string (Unicode):
(hyperref)                \hskip 24.0pt
(hyperref)                replaced by space on input line 1827.

[53

] [54]

Package hyperref Warning: Token not allowed in a PDF string (Unicode):
(hyperref)                \hskip 24.0pt
(hyperref)                replaced by space on input line 1832.


Package hyperref Warning: Token not allowed in a PDF string (Unicode):
(hyperref)                \hskip 24.0pt
(hyperref)                replaced by space on input line 1835.


Package hyperref Warning: Token not allowed in a PDF string (Unicode):
(hyperref)                \hskip 24.0pt
(hyperref)                replaced by space on input line 1858.

[55


] [56] [57]

Package hyperref Warning: Token not allowed in a PDF string (Unicode):
(hyperref)                \hskip 24.0pt
(hyperref)                replaced by space on input line 2001.


Underfull \vbox (badness 1502) has occurred while \output is active []

 [58]

Package hyperref Warning: Token not allowed in a PDF string (Unicode):
(hyperref)                \hskip 24.0pt
(hyperref)                replaced by space on input line 2026.

[59] [60] [61]

Package hyperref Warning: Token not allowed in a PDF string (Unicode):
(hyperref)                \hskip 24.0pt
(hyperref)                replaced by space on input line 2143.

[62]

Package hyperref Warning: Token not allowed in a PDF string (Unicode):
(hyperref)                \hskip 24.0pt
(hyperref)                replaced by space on input line 2166.

[63]

Package hyperref Warning: Token not allowed in a PDF string (Unicode):
(hyperref)                \hskip 24.0pt
(hyperref)                replaced by space on input line 2215.

[64] [65]

Package hyperref Warning: Token not allowed in a PDF string (Unicode):
(hyperref)                \hskip 24.0pt
(hyperref)                replaced by space on input line 2318.


Underfull \vbox (badness 1264) has occurred while \output is active []

 [66]
[67] [68]

Package hyperref Warning: Token not allowed in a PDF string (Unicode):
(hyperref)                \hskip 24.0pt
(hyperref)                replaced by space on input line 2382.


Package hyperref Warning: Token not allowed in a PDF string (Unicode):
(hyperref)                \hskip 24.0pt
(hyperref)                replaced by space on input line 2385.

[69


] [70] [71] [72]

Package hyperref Warning: Token not allowed in a PDF string (Unicode):
(hyperref)                \hskip 24.0pt
(hyperref)                replaced by space on input line 2530.

[73]

Package hyperref Warning: Token not allowed in a PDF string (Unicode):
(hyperref)                \hskip 24.0pt
(hyperref)                replaced by space on input line 2555.


Package hyperref Warning: Token not allowed in a PDF string (Unicode):
(hyperref)                \hskip 24.0pt
(hyperref)                replaced by space on input line 2596.

[74]

Package hyperref Warning: Token not allowed in a PDF string (Unicode):
(hyperref)                \hskip 24.0pt
(hyperref)                replaced by space on input line 2635.


Package hyperref Warning: Token not allowed in a PDF string (Unicode):
(hyperref)                \hskip 24.0pt
(hyperref)                replaced by space on input line 2638.


Underfull \vbox (badness 1466) has occurred while \output is active []

 [75]

Package hyperref Warning: Token not allowed in a PDF string (Unicode):
(hyperref)                \hskip 24.0pt
(hyperref)                replaced by space on input line 2683.

[76] [77]

Package hyperref Warning: Token not allowed in a PDF string (Unicode):
(hyperref)                \hskip 24.0pt
(hyperref)                replaced by space on input line 2724.

[78] [79]

Package hyperref Warning: Token not allowed in a PDF string (Unicode):
(hyperref)                \hskip 24.0pt
(hyperref)                replaced by space on input line 2813.

[80] [81]

Package hyperref Warning: Token not allowed in a PDF string (Unicode):
(hyperref)                \hskip 24.0pt
(hyperref)                replaced by space on input line 2904.


Underfull \vbox (badness 10000) has occurred while \output is active []

 [82]

Package hyperref Warning: Token not allowed in a PDF string (Unicode):
(hyperref)                \hskip 24.0pt
(hyperref)                replaced by space on input line 2927.

[83]

Package hyperref Warning: Token not allowed in a PDF string (Unicode):
(hyperref)                \hskip 24.0pt
(hyperref)                replaced by space on input line 2972.

[84] [85]

Package hyperref Warning: Token not allowed in a PDF string (Unicode):
(hyperref)                \hskip 24.0pt
(hyperref)                replaced by space on input line 3037.


Package hyperref Warning: Token not allowed in a PDF string (Unicode):
(hyperref)                \hskip 24.0pt
(hyperref)                replaced by space on input line 3040.


Underfull \vbox (badness 10000) has occurred while \output is active []

 [86]

Package hyperref Warning: Token not allowed in a PDF string (Unicode):
(hyperref)                \hskip 24.0pt
(hyperref)                replaced by space on input line 3053.

[87]

Package hyperref Warning: Token not allowed in a PDF string (Unicode):
(hyperref)                \hskip 24.0pt
(hyperref)                replaced by space on input line 3086.

[88]

Package hyperref Warning: Token not allowed in a PDF string (Unicode):
(hyperref)                \hskip 24.0pt
(hyperref)                replaced by space on input line 3121.


Package hyperref Warning: Token not allowed in a PDF string (Unicode):
(hyperref)                \hskip 24.0pt
(hyperref)                replaced by space on input line 3134.


Package hyperref Warning: Token not allowed in a PDF string (Unicode):
(hyperref)                \hskip 24.0pt
(hyperref)                replaced by space on input line 3138.

[89]

Package hyperref Warning: Token not allowed in a PDF string (Unicode):
(hyperref)                \hskip 24.0pt
(hyperref)                replaced by space on input line 3167.

[90]

Package hyperref Warning: Token not allowed in a PDF string (Unicode):
(hyperref)                \hskip 24.0pt
(hyperref)                replaced by space on input line 3206.


Underfull \vbox (badness 3364) has occurred while \output is active []

 [91]
[92]

Package hyperref Warning: Token not allowed in a PDF string (Unicode):
(hyperref)                \hskip 24.0pt
(hyperref)                replaced by space on input line 3255.

[93]

Package hyperref Warning: Token not allowed in a PDF string (Unicode):
(hyperref)                \hskip 24.0pt
(hyperref)                replaced by space on input line 3286.

[94]

Package hyperref Warning: Token not allowed in a PDF string (Unicode):
(hyperref)                \hskip 24.0pt
(hyperref)                replaced by space on input line 3335.

[95]

Package hyperref Warning: Token not allowed in a PDF string (Unicode):
(hyperref)                \hskip 24.0pt
(hyperref)                replaced by space on input line 3388.

[96] [97]

Package hyperref Warning: Token not allowed in a PDF string (Unicode):
(hyperref)                \hskip 24.0pt
(hyperref)                replaced by space on input line 3435.

[98]

Package hyperref Warning: Token not allowed in a PDF string (Unicode):
(hyperref)                \hskip 24.0pt
(hyperref)                replaced by space on input line 3490.


Underfull \vbox (badness 2689) has occurred while \output is active []

 [99]

Package hyperref Warning: Token not allowed in a PDF string (Unicode):
(hyperref)                \hskip 24.0pt
(hyperref)                replaced by space on input line 3523.

[100]

Package hyperref Warning: Token not allowed in a PDF string (Unicode):
(hyperref)                \hskip 24.0pt
(hyperref)                replaced by space on input line 3542.

[101] [102]

Package hyperref Warning: Token not allowed in a PDF string (Unicode):
(hyperref)                \hskip 24.0pt
(hyperref)                replaced by space on input line 3580.


Package hyperref Warning: Token not allowed in a PDF string (Unicode):
(hyperref)                \hskip 24.0pt
(hyperref)                replaced by space on input line 3583.


Package hyperref Warning: Token not allowed in a PDF string (Unicode):
(hyperref)                \hskip 24.0pt
(hyperref)                replaced by space on input line 3600.

[103


] [104]

Package hyperref Warning: Token not allowed in a PDF string (Unicode):
(hyperref)                \hskip 24.0pt
(hyperref)                replaced by space on input line 3618.

[105


] [106]

Package hyperref Warning: Difference (2) between bookmark levels is greater 
(hyperref)                than one, level fixed on input line 3622.


Package hyperref Warning: Token not allowed in a PDF string (Unicode):
(hyperref)                \hskip 24.0pt
(hyperref)                replaced by space on input line 3622.


Package hyperref Warning: Token not allowed in a PDF string (Unicode):
(hyperref)                \hskip 24.0pt
(hyperref)                replaced by space on input line 3655.


Underfull \vbox (badness 2452) has occurred while \output is active []

 [107]

Package hyperref Warning: Token not allowed in a PDF string (Unicode):
(hyperref)                \hskip 24.0pt
(hyperref)                replaced by space on input line 3688.

[108]

Package hyperref Warning: Token not allowed in a PDF string (Unicode):
(hyperref)                \hskip 24.0pt
(hyperref)                replaced by space on input line 3713.

[109]

Package hyperref Warning: Token not allowed in a PDF string (Unicode):
(hyperref)                \hskip 24.0pt
(hyperref)                replaced by space on input line 3746.

[110]

Package hyperref Warning: Token not allowed in a PDF string (Unicode):
(hyperref)                \hskip 24.0pt
(hyperref)                replaced by space on input line 3789.

[111] [112]

Package hyperref Warning: Token not allowed in a PDF string (Unicode):
(hyperref)                \hskip 24.0pt
(hyperref)                replaced by space on input line 3847.

[113


] [114]

Package hyperref Warning: Difference (2) between bookmark levels is greater 
(hyperref)                than one, level fixed on input line 3851.


Package hyperref Warning: Token not allowed in a PDF string (Unicode):
(hyperref)                \hskip 24.0pt
(hyperref)                replaced by space on input line 3851.


Package hyperref Warning: Token not allowed in a PDF string (Unicode):
(hyperref)                \hskip 24.0pt
(hyperref)                replaced by space on input line 3882.

[115]

Package hyperref Warning: Token not allowed in a PDF string (Unicode):
(hyperref)                \hskip 24.0pt
(hyperref)                replaced by space on input line 3917.


Package hyperref Warning: Token not allowed in a PDF string (Unicode):
(hyperref)                \hskip 24.0pt
(hyperref)                replaced by space on input line 3920.

[116]

Package hyperref Warning: Token not allowed in a PDF string (Unicode):
(hyperref)                \hskip 24.0pt
(hyperref)                replaced by space on input line 3984.

[117]

Package hyperref Warning: Token not allowed in a PDF string (Unicode):
(hyperref)                \hskip 24.0pt
(hyperref)                replaced by space on input line 4017.

[118] [119]

Package hyperref Warning: Token not allowed in a PDF string (Unicode):
(hyperref)                \hskip 24.0pt
(hyperref)                replaced by space on input line 4098.


Package hyperref Warning: Token not allowed in a PDF string (Unicode):
(hyperref)                \hskip 24.0pt
(hyperref)                replaced by space on input line 4101.

[120] [121]

Package hyperref Warning: Token not allowed in a PDF string (Unicode):
(hyperref)                \hskip 24.0pt
(hyperref)                replaced by space on input line 4178.


Package hyperref Warning: Token not allowed in a PDF string (Unicode):
(hyperref)                \hskip 24.0pt
(hyperref)                replaced by space on input line 4191.

[122] [123] [124

]

Package hyperref Warning: Token not allowed in a PDF string (Unicode):
(hyperref)                \hskip 24.0pt
(hyperref)                replaced by space on input line 4209.

[125

] [126]

Package hyperref Warning: Difference (2) between bookmark levels is greater 
(hyperref)                than one, level fixed on input line 4213.


Package hyperref Warning: Token not allowed in a PDF string (Unicode):
(hyperref)                \hskip 24.0pt
(hyperref)                replaced by space on input line 4213.


Package hyperref Warning: Token not allowed in a PDF string (Unicode):
(hyperref)                \hskip 24.0pt
(hyperref)                replaced by space on input line 4250.

[127]

Package hyperref Warning: Token not allowed in a PDF string (Unicode):
(hyperref)                \hskip 24.0pt
(hyperref)                replaced by space on input line 4291.

[128]

Package hyperref Warning: Token not allowed in a PDF string (Unicode):
(hyperref)                \hskip 24.0pt
(hyperref)                replaced by space on input line 4340.

[129] [130]

Package hyperref Warning: Token not allowed in a PDF string (Unicode):
(hyperref)                \hskip 24.0pt
(hyperref)                replaced by space on input line 4410.

[131


] [132]

Package hyperref Warning: Difference (2) between bookmark levels is greater 
(hyperref)                than one, level fixed on input line 4414.


Package hyperref Warning: Token not allowed in a PDF string (Unicode):
(hyperref)                \hskip 24.0pt
(hyperref)                replaced by space on input line 4414.


Package hyperref Warning: Token not allowed in a PDF string (Unicode):
(hyperref)                \hskip 24.0pt
(hyperref)                replaced by space on input line 4455.

[133]

Package hyperref Warning: Token not allowed in a PDF string (Unicode):
(hyperref)                \hskip 24.0pt
(hyperref)                replaced by space on input line 4480.

[134] [135]

Package hyperref Warning: Token not allowed in a PDF string (Unicode):
(hyperref)                \hskip 24.0pt
(hyperref)                replaced by space on input line 4527.


Package hyperref Warning: Token not allowed in a PDF string (Unicode):
(hyperref)                \hskip 24.0pt
(hyperref)                replaced by space on input line 4546.

[136]

Package hyperref Warning: Token not allowed in a PDF string (Unicode):
(hyperref)                \hskip 24.0pt
(hyperref)                replaced by space on input line 4571.


Underfull \vbox (badness 10000) has occurred while \output is active []

 [137]

Package hyperref Warning: Token not allowed in a PDF string (Unicode):
(hyperref)                \hskip 24.0pt
(hyperref)                replaced by space on input line 4616.

[138]

Package hyperref Warning: Token not allowed in a PDF string (Unicode):
(hyperref)                \hskip 24.0pt
(hyperref)                replaced by space on input line 4643.

[139]

Package hyperref Warning: Token not allowed in a PDF string (Unicode):
(hyperref)                \hskip 24.0pt
(hyperref)                replaced by space on input line 4664.


Package hyperref Warning: Token not allowed in a PDF string (Unicode):
(hyperref)                \hskip 24.0pt
(hyperref)                replaced by space on input line 4681.

[140] [141] [142

] [143

] [144]
Package atveryend Info: Empty hook `BeforeClearDocument' on input line 4717.
 [145]
Package atveryend Info: Empty hook `AfterLastShipout' on input line 4717.
 (./minfadian.aux)
Package atveryend Info: Empty hook `AtVeryEndDocument' on input line 4717.
Package atveryend Info: Executing hook `AtEndAfterFileList' on input line 4717.

Package rerunfilecheck Info: File `minfadian.out' has not changed.
(rerunfilecheck)             Checksum: DEA1A9AE4457022E7ED564E8C1E39BDB;19350.
Package atveryend Info: Empty hook `AtVeryVeryEnd' on input line 4717.
 ) 
Here is how much of TeX's memory you used:
 15282 strings out of 479418
 339997 string characters out of 5881946
 637751 words of memory out of 5000000
 32599 multiletter control sequences out of 15000+600000
 536677 words of font info for 66 fonts, out of 8000000 for 9000
 1348 hyphenation exceptions out of 8191
 56i,6n,68p,507b,374s stack positions out of 5000i,500n,10000p,200000b,80000s

Output written on minfadian.pdf (153 pages).
